====START OF HERA REGRESSION TESTING LOG====

UFSWM hash used in testing:
a859b1acf58f86110b5dfb42c0445b2ea0fa39cb

Submodule hashes used in testing:
 37cbb7d6840ae7515a9a8f0dfd4d89461b3396d1 AQM (v0.2.0-37-g37cbb7d)
 1f9eaaa142c8b07ed6b788c9f44ea02cc86d0bae CDEPS-interface/CDEPS (cdeps0.4.17-42-g1f9eaaa)
 2ffee5cd48e0c389bdf75c0d910b3f6d53263563 CICE-interface/CICE (CICE6.0.0-451-g2ffee5c)
 bc7831aa390c48bb32579384ccce05c32c80de95 CMEPS-interface/CMEPS (remotes/origin/feature/ufs_fire_cpl)
 cabd7753ae17f7bfcc6dad56daf10868aa51c3f4 CMakeModules (v1.0.0-28-gcabd775)
 ede84904196654cdef2dff508cf0bc092d55d420 FV3 (remotes/origin/feature/ufs_fire_cpl)
 041422934cae1570f2f0e67239d5d89f11c6e1b7 GOCART (sdr_v2.1.2.6-119-g0414229)
 bcf7777bb037ae2feb2a8a8ac51aacb3511b52d9 HYCOM-interface/HYCOM (2.3.00-122-gbcf7777)
 5e0c21f64fa5b20efc8f29f8709766e1e6793a79 MOM6-interface/MOM6 (dev/master/repository_split_2014.10.10-10230-g5e0c21f64)
 3ac32f0db7a2a97d930f44fa5f060c983ff31ee8 NOAHMP-interface/noahmp (v3.7.1-436-g3ac32f0)
 7f548c795a348bbb0fe4967dd25692c79036dc73 WW3 (6.07.1-346-g7f548c79)
 05cad173feeb598431e3ef5f17c2df6562c8d101 fire_behavior (v0.2.0-1-g05cad17)
 fad2fe9f42f6b7f744b128b4a2a9433f91e4296f stochastic_physics (ufs-v2.0.0-219-gfad2fe9)


NOTES:
[Times](Memory) are at the end of each compile/test in format [MM:SS](Size).
The first time is for the full script (prep+run+finalize).
The second time is specifically for the run phase.
Times/Memory will be empty for failed tests.

BASELINE DIRECTORY: /scratch2/NAGAPE/epic/UFS-WM_RT/NEMSfv3gfs/develop-20240909
COMPARISON DIRECTORY: /scratch1/NCEPDEV/stmp2/Fernando.Andrade-maldonado/FV3_RT/rt_169542

RT.SH OPTIONS USED:
* (-a) - HPC PROJECT ACCOUNT: epic
* (-l) - USE CONFIG FILE: rt.conf
* (-e) - USE ECFLOW

PASS -- COMPILE 's2swa_32bit_intel' [14:12, 12:47] ( 1 warnings 8 remarks )
PASS -- TEST 'cpld_control_p8_mixedmode_intel' [10:17, 06:26](3339 MB)

PASS -- COMPILE 's2swa_32bit_pdlib_intel' [18:12, 16:59] ( 1 warnings 8 remarks )
PASS -- TEST 'cpld_control_gfsv17_intel' [20:07, 17:37](1980 MB)
PASS -- TEST 'cpld_control_gfsv17_iau_intel' [21:34, 18:16](2158 MB)
PASS -- TEST 'cpld_restart_gfsv17_intel' [11:15, 08:31](1271 MB)
PASS -- TEST 'cpld_mpi_gfsv17_intel' [22:30, 19:48](1869 MB)

PASS -- COMPILE 's2swa_32bit_pdlib_sfs_intel' [18:12, 17:03] ( 1 warnings 8 remarks )
PASS -- TEST 'cpld_control_sfs_intel' [19:48, 17:17](1963 MB)

PASS -- COMPILE 's2swa_32bit_pdlib_debug_intel' [08:12, 06:21] ( 1523 warnings 1998 remarks )
PASS -- TEST 'cpld_debug_gfsv17_intel' [27:10, 24:16](1935 MB)

PASS -- COMPILE 's2swa_intel' [14:12, 12:57] ( 1 warnings 8 remarks )
PASS -- TEST 'cpld_control_p8_intel' [11:13, 07:35](3370 MB)
PASS -- TEST 'cpld_control_p8.v2.sfc_intel' [12:25, 07:53](3349 MB)
PASS -- TEST 'cpld_restart_p8_intel' [08:42, 04:20](3266 MB)
PASS -- TEST 'cpld_control_qr_p8_intel' [11:15, 07:43](3386 MB)
PASS -- TEST 'cpld_restart_qr_p8_intel' [08:41, 04:23](3293 MB)
PASS -- TEST 'cpld_2threads_p8_intel' [10:10, 07:15](3643 MB)
PASS -- TEST 'cpld_decomp_p8_intel' [12:12, 07:43](3363 MB)
PASS -- TEST 'cpld_mpi_p8_intel' [09:21, 06:16](3233 MB)
PASS -- TEST 'cpld_control_ciceC_p8_intel' [11:27, 07:44](3362 MB)
PASS -- TEST 'cpld_control_c192_p8_intel' [14:10, 10:21](3535 MB)
PASS -- TEST 'cpld_restart_c192_p8_intel' [10:59, 06:45](3635 MB)
PASS -- TEST 'cpld_bmark_p8_intel' [17:56, 08:52](4303 MB)
PASS -- TEST 'cpld_restart_bmark_p8_intel' [18:56, 06:10](4386 MB)
PASS -- TEST 'cpld_s2sa_p8_intel' [09:17, 05:36](3324 MB)

PASS -- COMPILE 's2sw_intel' [13:12, 11:57] ( 1 warnings 8 remarks )
PASS -- TEST 'cpld_control_noaero_p8_intel' [10:04, 05:46](2000 MB)
PASS -- TEST 'cpld_control_nowave_noaero_p8_intel' [12:08, 07:21](2069 MB)

PASS -- COMPILE 's2swa_debug_intel' [08:12, 06:22] ( 1413 warnings 1228 remarks )
PASS -- TEST 'cpld_debug_p8_intel' [16:06, 13:39](3415 MB)

PASS -- COMPILE 's2sw_debug_intel' [07:12, 05:49] ( 1413 warnings 1228 remarks )
PASS -- TEST 'cpld_debug_noaero_p8_intel' [12:04, 09:11](2020 MB)

PASS -- COMPILE 's2s_aoflux_intel' [13:12, 11:19] ( 1 remarks )
PASS -- TEST 'cpld_control_noaero_p8_agrid_intel' [07:03, 04:23](2052 MB)

PASS -- COMPILE 's2s_intel' [13:12, 11:30] ( 1 warnings 1 remarks )
PASS -- TEST 'cpld_control_c48_intel' [09:46, 07:45](3033 MB)
PASS -- TEST 'cpld_warmstart_c48_intel' [05:45, 02:42](3035 MB)
PASS -- TEST 'cpld_restart_c48_intel' [03:45, 01:36](2490 MB)

PASS -- COMPILE 's2swa_faster_intel' [18:15, 16:59] ( 1 warnings 8 remarks )
PASS -- TEST 'cpld_control_p8_faster_intel' [10:30, 07:14](3367 MB)

PASS -- COMPILE 's2sw_pdlib_intel' [17:14, 15:53] ( 1 warnings 8 remarks )
PASS -- TEST 'cpld_control_pdlib_p8_intel' [22:17, 17:38](2038 MB)
PASS -- TEST 'cpld_restart_pdlib_p8_intel' [11:21, 08:28](1269 MB)
PASS -- TEST 'cpld_mpi_pdlib_p8_intel' [23:05, 20:05](1942 MB)

PASS -- COMPILE 's2sw_pdlib_debug_intel' [08:12, 06:07] ( 1523 warnings 1998 remarks )
PASS -- TEST 'cpld_debug_pdlib_p8_intel' [28:10, 25:51](1970 MB)

PASS -- COMPILE 'atm_dyn32_intel' [13:12, 10:34] ( 1 warnings 1 remarks )
PASS -- TEST 'control_flake_intel' [06:27, 03:26](706 MB)
PASS -- TEST 'control_CubedSphereGrid_intel' [06:44, 03:13](1593 MB)
PASS -- TEST 'control_CubedSphereGrid_parallel_intel' [06:50, 03:16](1598 MB)
PASS -- TEST 'control_latlon_intel' [06:40, 03:11](1593 MB)
PASS -- TEST 'control_wrtGauss_netcdf_parallel_intel' [06:46, 03:14](1585 MB)
PASS -- TEST 'control_c48_intel' [13:46, 11:24](1725 MB)
PASS -- TEST 'control_c48.v2.sfc_intel' [08:31, 06:28](861 MB)
PASS -- TEST 'control_c192_intel' [14:15, 11:54](1768 MB)
PASS -- TEST 'control_c384_intel' [18:04, 14:03](1994 MB)
PASS -- TEST 'control_c384gdas_intel' [14:41, 08:08](1373 MB)
PASS -- TEST 'control_stochy_intel' [03:25, 01:44](660 MB)
PASS -- TEST 'control_stochy_restart_intel' [02:35, 01:02](507 MB)
PASS -- TEST 'control_lndp_intel' [03:23, 01:53](658 MB)
PASS -- TEST 'control_iovr4_intel' [04:25, 02:34](655 MB)
PASS -- TEST 'control_iovr5_intel' [04:29, 02:43](665 MB)
PASS -- TEST 'control_p8_intel' [06:05, 04:01](1887 MB)
PASS -- TEST 'control_p8.v2.sfc_intel' [06:13, 03:27](1893 MB)
PASS -- TEST 'control_p8_ugwpv1_intel' [06:46, 03:42](1884 MB)
PASS -- TEST 'control_restart_p8_intel' [03:49, 02:03](1131 MB)
PASS -- TEST 'control_noqr_p8_intel' [06:19, 03:43](1876 MB)
PASS -- TEST 'control_restart_noqr_p8_intel' [04:07, 02:03](1150 MB)
PASS -- TEST 'control_decomp_p8_intel' [05:57, 03:43](1869 MB)
PASS -- TEST 'control_2threads_p8_intel' [05:54, 03:28](1957 MB)
PASS -- TEST 'control_p8_lndp_intel' [08:53, 06:35](1883 MB)
PASS -- TEST 'control_p8_rrtmgp_intel' [06:00, 04:04](1961 MB)
PASS -- TEST 'control_p8_mynn_intel' [05:29, 03:08](1901 MB)
PASS -- TEST 'merra2_thompson_intel' [05:56, 03:22](1897 MB)
PASS -- TEST 'regional_control_intel' [07:40, 05:21](1091 MB)
PASS -- TEST 'regional_restart_intel' [05:44, 03:11](1084 MB)
PASS -- TEST 'regional_decomp_intel' [07:40, 05:41](1088 MB)
PASS -- TEST 'regional_2threads_intel' [05:41, 03:29](1088 MB)
PASS -- TEST 'regional_noquilt_intel' [07:46, 05:24](1391 MB)
PASS -- TEST 'regional_netcdf_parallel_intel' [07:46, 05:27](1097 MB)
PASS -- TEST 'regional_2dwrtdecomp_intel' [07:41, 05:38](1097 MB)
PASS -- TEST 'regional_wofs_intel' [09:40, 07:14](1912 MB)

PASS -- COMPILE 'rrfs_intel' [12:12, 10:05] ( 3 warnings 9 remarks )
PASS -- TEST 'rap_control_intel' [10:04, 07:55](1102 MB)
PASS -- TEST 'regional_spp_sppt_shum_skeb_intel' [07:17, 04:05](1255 MB)
PASS -- TEST 'rap_decomp_intel' [10:47, 08:11](1042 MB)
PASS -- TEST 'rap_2threads_intel' [10:03, 07:21](1178 MB)
PASS -- TEST 'rap_restart_intel' [07:22, 04:03](1099 MB)
PASS -- TEST 'rap_sfcdiff_intel' [10:02, 07:54](1104 MB)
PASS -- TEST 'rap_sfcdiff_decomp_intel' [10:47, 08:11](1044 MB)
PASS -- TEST 'rap_sfcdiff_restart_intel' [07:57, 05:56](1132 MB)
PASS -- TEST 'hrrr_control_intel' [06:48, 03:59](1041 MB)
PASS -- TEST 'hrrr_control_decomp_intel' [06:46, 04:07](1033 MB)
PASS -- TEST 'hrrr_control_2threads_intel' [05:51, 03:38](1102 MB)
PASS -- TEST 'hrrr_control_restart_intel' [04:43, 02:15](1003 MB)
PASS -- TEST 'rrfs_v1beta_intel' [10:06, 07:42](1098 MB)
PASS -- TEST 'rrfs_v1nssl_intel' [11:34, 09:36](1987 MB)
PASS -- TEST 'rrfs_v1nssl_nohailnoccn_intel' [11:35, 09:19](2047 MB)

PASS -- COMPILE 'csawmg_intel' [13:16, 09:51]
PASS -- TEST 'control_csawmg_intel' [08:53, 06:09](1021 MB)
PASS -- TEST 'control_ras_intel' [05:30, 03:19](744 MB)

PASS -- COMPILE 'csawmg_gnu' [06:11, 04:15]
PASS -- TEST 'control_csawmg_gnu' [10:43, 08:27](742 MB)

PASS -- COMPILE 'wam_intel' [12:12, 09:51] ( 1 remarks )
PASS -- TEST 'control_wam_intel' [13:51, 11:20](1674 MB)

PASS -- COMPILE 'atm_faster_dyn32_intel' [12:12, 10:12] ( 1 remarks )
PASS -- TEST 'control_p8_faster_intel' [05:01, 02:54](1879 MB)
PASS -- TEST 'regional_control_faster_intel' [06:40, 05:01](1098 MB)

PASS -- COMPILE 'atm_debug_dyn32_intel' [09:12, 07:56] ( 882 warnings 9 remarks )
PASS -- TEST 'control_CubedSphereGrid_debug_intel' [04:51, 02:23](1619 MB)
PASS -- TEST 'control_wrtGauss_netcdf_parallel_debug_intel' [04:50, 02:14](1624 MB)
PASS -- TEST 'control_stochy_debug_intel' [05:26, 03:19](836 MB)
PASS -- TEST 'control_lndp_debug_intel' [04:28, 02:52](825 MB)
PASS -- TEST 'control_csawmg_debug_intel' [06:40, 04:26](1142 MB)
PASS -- TEST 'control_ras_debug_intel' [04:27, 02:51](844 MB)
PASS -- TEST 'control_diag_debug_intel' [04:55, 02:49](1687 MB)
PASS -- TEST 'control_debug_p8_intel' [04:58, 02:43](1914 MB)
PASS -- TEST 'regional_debug_intel' [19:45, 17:27](1114 MB)
PASS -- TEST 'rap_control_debug_intel' [07:35, 05:10](1219 MB)
PASS -- TEST 'hrrr_control_debug_intel' [06:37, 05:03](1219 MB)
PASS -- TEST 'hrrr_gf_debug_intel' [06:31, 05:06](1220 MB)
PASS -- TEST 'hrrr_c3_debug_intel' [07:31, 05:10](1222 MB)
PASS -- TEST 'rap_unified_drag_suite_debug_intel' [07:33, 05:11](1217 MB)
PASS -- TEST 'rap_diag_debug_intel' [07:47, 05:10](1306 MB)
PASS -- TEST 'rap_cires_ugwp_debug_intel' [07:33, 05:08](1215 MB)
PASS -- TEST 'rap_unified_ugwp_debug_intel' [06:33, 05:08](1219 MB)
PASS -- TEST 'rap_lndp_debug_intel' [06:28, 05:00](1217 MB)
PASS -- TEST 'rap_progcld_thompson_debug_intel' [06:29, 04:59](1211 MB)
PASS -- TEST 'rap_noah_debug_intel' [06:28, 04:57](1210 MB)
PASS -- TEST 'rap_sfcdiff_debug_intel' [06:28, 05:04](1216 MB)
PASS -- TEST 'rap_noah_sfcdiff_cires_ugwp_debug_intel' [10:25, 08:15](1214 MB)
PASS -- TEST 'rrfs_v1beta_debug_intel' [06:26, 05:00](1211 MB)
PASS -- TEST 'rap_clm_lake_debug_intel' [07:29, 05:47](1220 MB)
PASS -- TEST 'rap_flake_debug_intel' [06:27, 05:00](1227 MB)
PASS -- TEST 'gnv1_c96_no_nest_debug_intel' [10:43, 08:37](1223 MB)

PASS -- COMPILE 'atm_debug_dyn32_gnu' [05:12, 04:05]
PASS -- TEST 'control_csawmg_debug_gnu' [04:39, 02:29](726 MB)

PASS -- COMPILE 'wam_debug_intel' [06:12, 04:44] ( 837 warnings 1 remarks )
PASS -- TEST 'control_wam_debug_intel' [15:50, 13:33](1664 MB)

PASS -- COMPILE 'rrfs_dyn32_phy32_intel' [11:17, 09:52] ( 3 warnings 8 remarks )
PASS -- TEST 'regional_spp_sppt_shum_skeb_dyn32_phy32_intel' [07:10, 03:57](1134 MB)
PASS -- TEST 'rap_control_dyn32_phy32_intel' [08:46, 06:28](1051 MB)
PASS -- TEST 'hrrr_control_dyn32_phy32_intel' [05:40, 03:22](980 MB)
PASS -- TEST 'rap_2threads_dyn32_phy32_intel' [08:38, 06:11](1089 MB)
PASS -- TEST 'hrrr_control_2threads_dyn32_phy32_intel' [05:34, 03:11](959 MB)
PASS -- TEST 'hrrr_control_decomp_dyn32_phy32_intel' [05:36, 03:35](931 MB)
PASS -- TEST 'rap_restart_dyn32_phy32_intel' [07:40, 04:53](1032 MB)
PASS -- TEST 'hrrr_control_restart_dyn32_phy32_intel' [03:29, 01:53](929 MB)

PASS -- COMPILE 'rrfs_dyn32_phy32_faster_intel' [12:13, 10:06] ( 3 warnings 8 remarks )
PASS -- TEST 'conus13km_control_intel' [04:57, 02:09](1191 MB)
PASS -- TEST 'conus13km_2threads_intel' [02:43, 01:01](1114 MB)
PASS -- TEST 'conus13km_restart_mismatch_intel' [03:45, 01:16](1099 MB)

PASS -- COMPILE 'rrfs_dyn64_phy32_intel' [12:13, 10:08] ( 3 warnings 8 remarks )
PASS -- TEST 'rap_control_dyn64_phy32_intel' [06:42, 04:10](987 MB)

PASS -- COMPILE 'rrfs_dyn32_phy32_debug_intel' [06:12, 04:42] ( 785 warnings 8 remarks )
PASS -- TEST 'rap_control_debug_dyn32_phy32_intel' [06:24, 04:56](1090 MB)
PASS -- TEST 'hrrr_control_debug_dyn32_phy32_intel' [06:27, 04:55](1092 MB)
PASS -- TEST 'conus13km_debug_intel' [16:54, 15:01](1240 MB)
PASS -- TEST 'conus13km_debug_qr_intel' [16:52, 15:02](933 MB)
PASS -- TEST 'conus13km_debug_2threads_intel' [10:48, 08:33](1164 MB)
PASS -- TEST 'conus13km_radar_tten_debug_intel' [17:47, 15:17](1313 MB)

PASS -- COMPILE 'rrfs_dyn64_phy32_debug_intel' [06:13, 04:43] ( 785 warnings 8 remarks )
PASS -- TEST 'rap_control_dyn64_phy32_debug_intel' [07:25, 05:09](1138 MB)

PASS -- COMPILE 'hafsw_intel' [13:13, 11:44] ( 1 warnings 8 remarks )
PASS -- TEST 'hafs_regional_atm_intel' [08:18, 05:05](722 MB)
PASS -- TEST 'hafs_regional_atm_thompson_gfdlsf_intel' [07:35, 05:55](1102 MB)
PASS -- TEST 'hafs_regional_atm_ocn_intel' [10:22, 06:58](821 MB)
PASS -- TEST 'hafs_regional_atm_wav_intel' [16:15, 13:28](840 MB)
PASS -- TEST 'hafs_regional_atm_ocn_wav_intel' [20:39, 15:20](870 MB)
PASS -- TEST 'hafs_regional_1nest_atm_intel' [09:56, 05:31](491 MB)
PASS -- TEST 'hafs_regional_telescopic_2nests_atm_intel' [11:31, 06:40](512 MB)
PASS -- TEST 'hafs_global_1nest_atm_intel' [06:42, 02:42](373 MB)
PASS -- TEST 'hafs_global_multiple_4nests_atm_intel' [12:48, 07:12](482 MB)
PASS -- TEST 'hafs_regional_specified_moving_1nest_atm_intel' [05:44, 03:45](523 MB)
PASS -- TEST 'hafs_regional_storm_following_1nest_atm_intel' [05:50, 03:37](522 MB)
PASS -- TEST 'hafs_regional_storm_following_1nest_atm_ocn_intel' [06:53, 04:10](578 MB)
PASS -- TEST 'hafs_global_storm_following_1nest_atm_intel' [03:28, 01:13](407 MB)
PASS -- TEST 'gnv1_nested_intel' [07:32, 04:01](1739 MB)

PASS -- COMPILE 'hafsw_debug_intel' [07:14, 05:09] ( 1465 warnings 1501 remarks )
PASS -- TEST 'hafs_regional_storm_following_1nest_atm_ocn_debug_intel' [16:02, 13:20](590 MB)

PASS -- COMPILE 'hafsw_faster_intel' [14:12, 11:40] ( 7 remarks )
PASS -- TEST 'hafs_regional_storm_following_1nest_atm_ocn_wav_intel' [12:00, 09:01](674 MB)
PASS -- TEST 'hafs_regional_storm_following_1nest_atm_ocn_wav_inline_intel' [12:05, 08:53](738 MB)

PASS -- COMPILE 'hafs_mom6w_intel' [13:15, 11:51] ( 7 remarks )
PASS -- TEST 'hafs_regional_storm_following_1nest_atm_ocn_wav_mom6_intel' [09:28, 06:31](724 MB)

PASS -- COMPILE 'hafs_all_intel' [12:15, 10:43] ( 7 remarks )
PASS -- TEST 'hafs_regional_docn_intel' [10:16, 06:35](815 MB)
PASS -- TEST 'hafs_regional_docn_oisst_intel' [10:16, 06:35](812 MB)
PASS -- TEST 'hafs_regional_datm_cdeps_intel' [18:57, 16:16](1225 MB)

PASS -- COMPILE 'datm_cdeps_intel' [08:13, 06:50]
PASS -- TEST 'datm_cdeps_control_cfsr_intel' [04:19, 02:48](1167 MB)
PASS -- TEST 'datm_cdeps_restart_cfsr_intel' [03:20, 01:38](1121 MB)
PASS -- TEST 'datm_cdeps_control_gefs_intel' [04:18, 02:38](1035 MB)
PASS -- TEST 'datm_cdeps_iau_gefs_intel' [04:19, 02:43](1031 MB)
PASS -- TEST 'datm_cdeps_stochy_gefs_intel' [04:18, 02:40](1022 MB)
PASS -- TEST 'datm_cdeps_ciceC_cfsr_intel' [04:18, 02:42](1165 MB)
PASS -- TEST 'datm_cdeps_bulk_cfsr_intel' [04:18, 02:40](1163 MB)
PASS -- TEST 'datm_cdeps_bulk_gefs_intel' [04:19, 02:35](1040 MB)
PASS -- TEST 'datm_cdeps_mx025_cfsr_intel' [09:26, 06:09](1070 MB)
PASS -- TEST 'datm_cdeps_mx025_gefs_intel' [08:17, 06:08](1047 MB)
PASS -- TEST 'datm_cdeps_multiple_files_cfsr_intel' [04:16, 02:47](1165 MB)
PASS -- TEST 'datm_cdeps_3072x1536_cfsr_intel' [05:20, 03:48](2517 MB)
PASS -- TEST 'datm_cdeps_gfs_intel' [05:20, 03:56](2473 MB)

PASS -- COMPILE 'datm_cdeps_debug_intel' [05:12, 03:38] ( 2 warnings )
PASS -- TEST 'datm_cdeps_debug_cfsr_intel' [08:19, 06:10](1083 MB)

PASS -- COMPILE 'datm_cdeps_faster_intel' [08:12, 06:49]
PASS -- TEST 'datm_cdeps_control_cfsr_faster_intel' [04:19, 02:41](1162 MB)

PASS -- COMPILE 'datm_cdeps_land_intel' [03:13, 01:23] ( 1 remarks )
PASS -- TEST 'datm_cdeps_lnd_gswp3_intel' [02:31, 00:47](261 MB)
PASS -- TEST 'datm_cdeps_lnd_era5_intel' [02:25, 00:54](323 MB)
PASS -- TEST 'datm_cdeps_lnd_era5_rst_intel' [02:26, 00:39](326 MB)

PASS -- COMPILE 'atm_ds2s_docn_pcice_intel' [12:13, 10:53] ( 1 remarks )
PASS -- TEST 'atm_ds2s_docn_pcice_intel' [06:05, 03:42](1979 MB)

PASS -- COMPILE 'atm_ds2s_docn_dice_intel' [12:13, 10:28] ( 1 remarks )
PASS -- TEST 'atm_ds2s_docn_dice_intel' [05:59, 03:41](1956 MB)

PASS -- COMPILE 'atml_intel' [12:13, 10:59] ( 8 warnings 2 remarks )
PASS -- TEST 'control_p8_atmlnd_sbs_intel' [07:04, 04:19](1865 MB)
PASS -- TEST 'control_p8_atmlnd_intel' [06:59, 04:24](1871 MB)
PASS -- TEST 'control_restart_p8_atmlnd_intel' [04:47, 02:33](1097 MB)

PASS -- COMPILE 'atml_debug_intel' [07:20, 06:04] ( 880 warnings 2 remarks )
PASS -- TEST 'control_p8_atmlnd_debug_intel' [07:59, 05:43](1869 MB)

PASS -- COMPILE 'atmw_intel' [12:13, 10:40] ( 8 remarks )
PASS -- TEST 'atmwav_control_noaero_p8_intel' [03:48, 01:50](1914 MB)

PASS -- COMPILE 'atmaero_intel' [12:13, 10:31] ( 1 remarks )
PASS -- TEST 'atmaero_control_p8_intel' [07:03, 04:09](3204 MB)
PASS -- TEST 'atmaero_control_p8_rad_intel' [07:01, 04:52](3099 MB)
PASS -- TEST 'atmaero_control_p8_rad_micro_intel' [06:54, 05:00](3122 MB)

PASS -- COMPILE 'atmaq_debug_intel' [07:12, 05:17] ( 882 warnings 6 remarks )

PASS -- COMPILE 'atm_gnu' [06:12, 04:45]
PASS -- TEST 'control_c48_gnu' [11:40, 09:10](1511 MB)
PASS -- TEST 'control_stochy_gnu' [05:23, 03:21](494 MB)
PASS -- TEST 'control_ras_gnu' [06:26, 04:50](506 MB)
PASS -- TEST 'control_p8_gnu' [07:57, 05:11](1457 MB)
PASS -- TEST 'control_p8_ugwpv1_gnu' [07:52, 05:02](1446 MB)
PASS -- TEST 'control_flake_gnu' [12:25, 10:20](538 MB)

PASS -- COMPILE 'rrfs_gnu' [06:13, 04:40]
PASS -- TEST 'rap_control_gnu' [13:38, 11:04](819 MB)
PASS -- TEST 'rap_decomp_gnu' [13:36, 10:56](810 MB)
PASS -- TEST 'rap_2threads_gnu' [12:39, 09:55](925 MB)
PASS -- TEST 'rap_restart_gnu' [07:46, 05:29](577 MB)
PASS -- TEST 'rap_sfcdiff_gnu' [12:39, 10:44](815 MB)
PASS -- TEST 'rap_sfcdiff_decomp_gnu' [12:37, 10:59](811 MB)
PASS -- TEST 'rap_sfcdiff_restart_gnu' [10:52, 08:33](580 MB)
PASS -- TEST 'hrrr_control_gnu' [07:37, 05:32](820 MB)
PASS -- TEST 'hrrr_control_noqr_gnu' [07:32, 05:31](796 MB)
PASS -- TEST 'hrrr_control_2threads_gnu' [06:38, 05:02](909 MB)
PASS -- TEST 'hrrr_control_decomp_gnu' [07:31, 05:34](810 MB)
PASS -- TEST 'hrrr_control_restart_gnu' [04:29, 02:55](566 MB)
PASS -- TEST 'hrrr_control_restart_noqr_gnu' [04:31, 02:47](654 MB)
PASS -- TEST 'rrfs_v1beta_gnu' [13:03, 10:35](846 MB)

PASS -- COMPILE 'atm_dyn32_debug_gnu' [08:13, 06:45]
PASS -- TEST 'control_diag_debug_gnu' [03:58, 01:42](1274 MB)
PASS -- TEST 'regional_debug_gnu' [13:42, 11:08](756 MB)
PASS -- TEST 'rap_control_debug_gnu' [04:24, 02:39](826 MB)
PASS -- TEST 'hrrr_control_debug_gnu' [04:25, 02:31](825 MB)
PASS -- TEST 'hrrr_gf_debug_gnu' [04:24, 02:37](828 MB)
PASS -- TEST 'hrrr_c3_debug_gnu' [04:23, 02:38](828 MB)
PASS -- TEST 'rap_diag_debug_gnu' [04:41, 02:51](910 MB)
PASS -- TEST 'rap_noah_sfcdiff_cires_ugwp_debug_gnu' [05:26, 04:07](821 MB)
PASS -- TEST 'rap_progcld_thompson_debug_gnu' [04:29, 02:43](829 MB)
PASS -- TEST 'rrfs_v1beta_debug_gnu' [04:27, 02:44](819 MB)
PASS -- TEST 'control_ras_debug_gnu' [03:26, 01:34](461 MB)
PASS -- TEST 'control_stochy_debug_gnu' [03:25, 01:45](454 MB)
PASS -- TEST 'control_debug_p8_gnu' [03:45, 01:39](1432 MB)
PASS -- TEST 'rap_flake_debug_gnu' [04:25, 02:40](827 MB)
PASS -- TEST 'rap_clm_lake_debug_gnu' [04:24, 02:57](828 MB)
PASS -- TEST 'gnv1_c96_no_nest_debug_gnu' [06:39, 04:27](832 MB)

PASS -- COMPILE 'wam_debug_gnu' [04:13, 02:38]

PASS -- COMPILE 'rrfs_dyn32_phy32_gnu' [06:12, 04:09]
PASS -- TEST 'rap_control_dyn32_phy32_gnu' [11:35, 09:27](710 MB)
PASS -- TEST 'hrrr_control_dyn32_phy32_gnu' [06:53, 04:58](700 MB)
PASS -- TEST 'rap_2threads_dyn32_phy32_gnu' [10:37, 08:35](754 MB)
PASS -- TEST 'hrrr_control_2threads_dyn32_phy32_gnu' [06:53, 04:28](745 MB)
PASS -- TEST 'hrrr_control_decomp_dyn32_phy32_gnu' [06:53, 05:04](707 MB)
PASS -- TEST 'rap_restart_dyn32_phy32_gnu' [08:39, 07:04](555 MB)
PASS -- TEST 'hrrr_control_restart_dyn32_phy32_gnu' [04:32, 02:38](543 MB)
PASS -- TEST 'conus13km_control_gnu' [06:32, 03:13](874 MB)
PASS -- TEST 'conus13km_2threads_gnu' [07:56, 05:30](880 MB)
PASS -- TEST 'conus13km_restart_mismatch_gnu' [04:54, 01:48](568 MB)

PASS -- COMPILE 'atm_dyn64_phy32_gnu' [11:13, 09:50]
PASS -- TEST 'rap_control_dyn64_phy32_gnu' [07:46, 05:42](726 MB)

PASS -- COMPILE 'atm_dyn32_phy32_debug_gnu' [08:12, 06:47]
PASS -- TEST 'rap_control_debug_dyn32_phy32_gnu' [04:25, 02:33](717 MB)
PASS -- TEST 'hrrr_control_debug_dyn32_phy32_gnu' [04:24, 02:35](716 MB)
PASS -- TEST 'conus13km_debug_gnu' [08:51, 07:02](890 MB)
PASS -- TEST 'conus13km_debug_qr_gnu' [09:48, 07:09](576 MB)
PASS -- TEST 'conus13km_debug_2threads_gnu' [09:45, 07:32](896 MB)
PASS -- TEST 'conus13km_radar_tten_debug_gnu' [09:44, 07:14](960 MB)

PASS -- COMPILE 'atm_dyn64_phy32_debug_gnu' [08:12, 06:41]
PASS -- TEST 'rap_control_dyn64_phy32_debug_gnu' [04:44, 02:38](751 MB)

PASS -- COMPILE 's2swa_gnu' [18:13, 16:48]

PASS -- COMPILE 's2s_gnu' [17:13, 15:49]
PASS -- TEST 'cpld_control_nowave_noaero_p8_gnu' [14:11, 11:32](1519 MB)

PASS -- COMPILE 's2swa_debug_gnu' [05:12, 03:15]

PASS -- COMPILE 's2sw_pdlib_gnu' [18:13, 16:09]
FAILED: UNABLE TO COMPLETE COMPARISON -- TEST 'cpld_control_pdlib_p8_gnu' [, ]( MB)

PASS -- COMPILE 's2sw_pdlib_debug_gnu' [04:11, 02:57]

PASS -- COMPILE 'datm_cdeps_gnu' [17:12, 15:31]
PASS -- TEST 'datm_cdeps_control_cfsr_gnu' [04:19, 03:02](692 MB)

PASS -- COMPILE 'atm_fbh_intel' [11:11, 09:46] ( 3 warnings 8 remarks )
PASS -- TEST 'cpld_regional_atm_fbh_intel' [13:31, 11:17](1089 MB)

SYNOPSIS:
Starting Date/Time: 20240916 05:57:35
Ending Date/Time: 20240916 08:06:40
Total Time: 02h:10m:37s
Compiles Completed: 58/58
Tests Completed: 243/244
Failed Tests:
* TEST cpld_control_pdlib_p8_gnu: FAILED: UNABLE TO COMPLETE COMPARISON
-- LOG: /scratch1/NCEPDEV/nems/Fernando.Andrade-maldonado/regression-tests/wm/2220/ufs-weather-model/tests/logs/log_hera/run_cpld_control_pdlib_p8_gnu.log

NOTES:
A file 'test_changes.list' was generated with list of all failed tests.
You can use './rt.sh -c -b test_changes.list' to create baselines for the failed tests.
If you are using this log as a pull request verification, please commit 'test_changes.list'.

Result: FAILURE

====END OF HERA REGRESSION TESTING LOG====
====START OF HERA REGRESSION TESTING LOG====

UFSWM hash used in testing:
eb7271e2cda9cebebb45e82a7eda3bbe5756b116

Submodule hashes used in testing:
 37cbb7d6840ae7515a9a8f0dfd4d89461b3396d1 AQM (v0.2.0-37-g37cbb7d)
 1f9eaaa142c8b07ed6b788c9f44ea02cc86d0bae CDEPS-interface/CDEPS (cdeps0.4.17-42-g1f9eaaa)
 2ffee5cd48e0c389bdf75c0d910b3f6d53263563 CICE-interface/CICE (CICE6.0.0-451-g2ffee5c)
 bc7831aa390c48bb32579384ccce05c32c80de95 CMEPS-interface/CMEPS (remotes/origin/feature/ufs_fire_cpl)
 cabd7753ae17f7bfcc6dad56daf10868aa51c3f4 CMakeModules (v1.0.0-28-gcabd775)
 ede84904196654cdef2dff508cf0bc092d55d420 FV3 (remotes/origin/feature/ufs_fire_cpl)
 041422934cae1570f2f0e67239d5d89f11c6e1b7 GOCART (sdr_v2.1.2.6-119-g0414229)
 bcf7777bb037ae2feb2a8a8ac51aacb3511b52d9 HYCOM-interface/HYCOM (2.3.00-122-gbcf7777)
 5e0c21f64fa5b20efc8f29f8709766e1e6793a79 MOM6-interface/MOM6 (dev/master/repository_split_2014.10.10-10230-g5e0c21f64)
 3ac32f0db7a2a97d930f44fa5f060c983ff31ee8 NOAHMP-interface/noahmp (v3.7.1-436-g3ac32f0)
 7f548c795a348bbb0fe4967dd25692c79036dc73 WW3 (6.07.1-346-g7f548c79)
 05cad173feeb598431e3ef5f17c2df6562c8d101 fire_behavior (v0.2.0-1-g05cad17)
 fad2fe9f42f6b7f744b128b4a2a9433f91e4296f stochastic_physics (ufs-v2.0.0-219-gfad2fe9)


NOTES:
[Times](Memory) are at the end of each compile/test in format [MM:SS](Size).
The first time is for the full script (prep+run+finalize).
The second time is specifically for the run phase.
Times/Memory will be empty for failed tests.

BASELINE DIRECTORY: /scratch2/NAGAPE/epic/UFS-WM_RT/NEMSfv3gfs/develop-20240909
COMPARISON DIRECTORY: /scratch1/NCEPDEV/stmp2/Fernando.Andrade-maldonado/FV3_RT/rt_3794600

RT.SH OPTIONS USED:
* (-a) - HPC PROJECT ACCOUNT: epic
* (-n) - RUN SINGLE TEST: cpld_control_pdlib_p8
* (-e) - USE ECFLOW

PASS -- COMPILE 's2sw_pdlib_gnu' [18:13, 16:23]
PASS -- TEST 'cpld_control_pdlib_p8_gnu' [26:19, 23:43](1453 MB)

SYNOPSIS:
Starting Date/Time: 20240916 23:01:41
Ending Date/Time: 20240916 23:47:29
Total Time: 00h:45m:56s
Compiles Completed: 1/1
Tests Completed: 1/1

NOTES:
A file 'test_changes.list' was generated but is empty.
If you are using this log as a pull request verification, please commit 'test_changes.list'.

Result: SUCCESS

====END OF HERA REGRESSION TESTING LOG====
